  MyDemoGame.cpp
  DirectX11_Starter.vcxproj -> D:\Users\afl4947\ShootyBally\DirectX11_Starter_2015\Debug\DirectX11_Starter.exe
  The filename, directory name, or volume label syntax is incorrect.
  D:\Users\afl4947\ShootyBally\DirectX11_Starter_2015\Assets\Maps\Untitled.png
  D:\Users\afl4947\ShootyBally\DirectX11_Starter_2015\Assets\Maps\Untitled.txt
  D:\Users\afl4947\ShootyBally\DirectX11_Starter_2015\Assets\Models\cone.obj
  D:\Users\afl4947\ShootyBally\DirectX11_Starter_2015\Assets\Models\cube.obj
  D:\Users\afl4947\ShootyBally\DirectX11_Starter_2015\Assets\Models\cylinder.obj
  D:\Users\afl4947\ShootyBally\DirectX11_Starter_2015\Assets\Models\helix.obj
  D:\Users\afl4947\ShootyBally\DirectX11_Starter_2015\Assets\Models\sphere.obj
  D:\Users\afl4947\ShootyBally\DirectX11_Starter_2015\Assets\Models\TestCorner.obj
  D:\Users\afl4947\ShootyBally\DirectX11_Starter_2015\Assets\Models\TestFloor.obj
  D:\Users\afl4947\ShootyBally\DirectX11_Starter_2015\Assets\Models\TestWall.obj
  D:\Users\afl4947\ShootyBally\DirectX11_Starter_2015\Assets\Models\TestWallTop.obj
  D:\Users\afl4947\ShootyBally\DirectX11_Starter_2015\Assets\Models\TestWedge.obj
  D:\Users\afl4947\ShootyBally\DirectX11_Starter_2015\Assets\Models\torus.obj
  D:\Users\afl4947\ShootyBally\DirectX11_Starter_2015\Assets\Textures\BrickOldMixedSize.jpg
  D:\Users\afl4947\ShootyBally\DirectX11_Starter_2015\Assets\Textures\Checker.jpg
  D:\Users\afl4947\ShootyBally\DirectX11_Starter_2015\Assets\Textures\ConcreteStucco.jpg
  D:\Users\afl4947\ShootyBally\DirectX11_Starter_2015\Assets\Textures\Normal.jpg
  D:\Users\afl4947\ShootyBally\DirectX11_Starter_2015\Assets\Textures\Normal_BrickOldMixedSize.jpg
  D:\Users\afl4947\ShootyBally\DirectX11_Starter_2015\Assets\Textures\Normal_Checker.jpg
  D:\Users\afl4947\ShootyBally\DirectX11_Starter_2015\Assets\Textures\Normal_ConcreteStucco.jpg
  D:\Users\afl4947\ShootyBally\DirectX11_Starter_2015\Assets\Textures\Normal_RockSmooth.jpg
  D:\Users\afl4947\ShootyBally\DirectX11_Starter_2015\Assets\Textures\Normal_WoodPlanksBare.jpg
  D:\Users\afl4947\ShootyBally\DirectX11_Starter_2015\Assets\Textures\Normal_WoodRough.jpg
  D:\Users\afl4947\ShootyBally\DirectX11_Starter_2015\Assets\Textures\RockSmooth.jpg
  D:\Users\afl4947\ShootyBally\DirectX11_Starter_2015\Assets\Textures\WoodPlanksBare.jpg
  D:\Users\afl4947\ShootyBally\DirectX11_Starter_2015\Assets\Textures\WoodRough.jpg
  26 File(s) copied
